2026-04-12 16:34:43 [INFO] bibliometric_analysis: === Bibliometric Analysis Agent starting ===
2026-04-12 16:34:43 [INFO] bibliometric_analysis: Loaded 150 records
2026-04-12 16:34:43 [INFO] bibliometric_analysis: Computing publication trends...
2026-04-12 16:34:44 [INFO] bibliometric_analysis: Computing citation statistics...
2026-04-12 16:34:44 [INFO] bibliometric_analysis: Computing author productivity...
2026-04-12 16:34:51 [INFO] bibliometric_analysis: === Bibliometric Analysis Agent starting ===
2026-04-12 16:34:51 [INFO] bibliometric_analysis: Loaded 150 records
2026-04-12 16:34:51 [INFO] bibliometric_analysis: Computing publication trends...
2026-04-12 16:34:51 [INFO] bibliometric_analysis: Computing citation statistics...
2026-04-12 16:34:51 [INFO] bibliometric_analysis: Computing author productivity...
2026-04-12 16:35:04 [INFO] bibliometric_analysis: === Bibliometric Analysis Agent starting ===
2026-04-12 16:35:04 [INFO] bibliometric_analysis: Loaded 150 records
2026-04-12 16:35:04 [INFO] bibliometric_analysis: Computing publication trends...
2026-04-12 16:35:04 [INFO] bibliometric_analysis: Computing citation statistics...
2026-04-12 16:35:04 [INFO] bibliometric_analysis: Computing author productivity...
2026-04-12 16:35:04 [INFO] bibliometric_analysis: Computing journal analysis...
2026-04-12 16:35:04 [INFO] bibliometric_analysis: Computing institution analysis...
2026-04-12 16:37:07 [INFO] bibliometric_analysis: === Bibliometric Analysis Agent starting ===
2026-04-12 16:37:07 [INFO] bibliometric_analysis: Loaded 150 records
2026-04-12 16:37:07 [INFO] bibliometric_analysis: Computing publication trends...
2026-04-12 16:37:07 [INFO] bibliometric_analysis: Computing citation statistics...
2026-04-12 16:37:08 [INFO] bibliometric_analysis: Computing author productivity...
2026-04-12 16:37:08 [INFO] bibliometric_analysis: Computing journal analysis...
2026-04-12 16:37:08 [INFO] bibliometric_analysis: Computing institution analysis...
2026-04-12 16:37:35 [INFO] bibliometric_analysis: === Bibliometric Analysis Agent starting ===
2026-04-12 16:37:35 [INFO] bibliometric_analysis: Loaded 150 records
2026-04-12 16:37:35 [INFO] bibliometric_analysis: Computing publication trends...
2026-04-12 16:37:35 [INFO] bibliometric_analysis: Computing citation statistics...
2026-04-12 16:37:35 [INFO] bibliometric_analysis: Computing author productivity...
2026-04-12 16:37:35 [INFO] bibliometric_analysis: Computing journal analysis...
2026-04-12 16:37:35 [INFO] bibliometric_analysis: Computing institution analysis...
2026-04-12 16:37:35 [INFO] bibliometric_analysis: Computing concept landscape...
2026-04-12 16:37:35 [INFO] bibliometric_analysis: === Bibliometric Analysis Agent complete ===
2026-04-12 16:37:35 [INFO] bibliometric_analysis: Summary: 150 records, h=39, 0 authors
2026-04-12 16:38:20 [INFO] bibliometric_analysis: === Bibliometric Analysis Agent starting ===
2026-04-12 16:38:20 [INFO] bibliometric_analysis: Loaded 150 records
2026-04-12 16:38:20 [INFO] bibliometric_analysis: Computing publication trends...
2026-04-12 16:38:20 [INFO] bibliometric_analysis: Computing citation statistics...
2026-04-12 16:38:20 [INFO] bibliometric_analysis: Computing author productivity...
2026-04-12 16:38:20 [INFO] bibliometric_analysis: Computing journal analysis...
2026-04-12 16:38:20 [INFO] bibliometric_analysis: Computing institution analysis...
2026-04-12 16:38:20 [INFO] bibliometric_analysis: Computing concept landscape...
2026-04-12 16:38:20 [INFO] bibliometric_analysis: === Bibliometric Analysis Agent complete ===
2026-04-12 16:38:20 [INFO] bibliometric_analysis: Summary: 150 records, h=39, 20 authors
2026-04-12 16:40:48 [INFO] bibliometric_analysis: === Bibliometric Analysis Agent starting ===
2026-04-12 16:40:48 [INFO] bibliometric_analysis: Loaded 150 records
2026-04-12 16:40:48 [INFO] bibliometric_analysis: Computing publication trends...
2026-04-12 16:40:48 [INFO] bibliometric_analysis: Computing citation statistics...
2026-04-12 16:40:48 [INFO] bibliometric_analysis: Computing author productivity...
2026-04-12 16:40:48 [INFO] bibliometric_analysis: Computing journal analysis...
2026-04-12 16:40:48 [INFO] bibliometric_analysis: Computing institution analysis...
2026-04-12 16:40:48 [INFO] bibliometric_analysis: Computing concept landscape...
2026-04-12 16:40:48 [INFO] bibliometric_analysis: === Bibliometric Analysis Agent complete ===
2026-04-12 16:40:48 [INFO] bibliometric_analysis: Summary: 150 records, h=39, 20 authors
2026-04-14 11:37:18 [INFO] bibliometric_analysis: === Bibliometric Analysis Agent starting ===
2026-04-14 11:37:18 [INFO] bibliometric_analysis: Loaded 300 records
2026-04-14 11:37:18 [INFO] bibliometric_analysis: Computing publication trends...
2026-04-14 11:37:18 [INFO] bibliometric_analysis: Computing citation statistics...
2026-04-14 11:37:18 [INFO] bibliometric_analysis: Computing author productivity...
2026-04-14 11:37:18 [INFO] bibliometric_analysis: Computing journal analysis...
2026-04-14 11:37:18 [INFO] bibliometric_analysis: Computing institution analysis...
2026-04-14 11:37:18 [INFO] bibliometric_analysis: Computing concept landscape...
2026-04-14 11:51:05 [INFO] bibliometric_analysis: === Bibliometric Analysis Agent starting ===
2026-04-14 11:51:05 [INFO] bibliometric_analysis: Loaded 300 records
2026-04-14 11:51:05 [INFO] bibliometric_analysis: Computing publication trends...
2026-04-14 11:51:05 [INFO] bibliometric_analysis: Computing citation statistics...
2026-04-14 11:51:05 [INFO] bibliometric_analysis: Computing author productivity...
2026-04-14 11:51:05 [INFO] bibliometric_analysis: Computing journal analysis...
2026-04-14 11:51:05 [INFO] bibliometric_analysis: Computing institution analysis...
2026-04-14 11:51:05 [INFO] bibliometric_analysis: Computing concept landscape...
2026-04-14 11:51:05 [INFO] bibliometric_analysis: === Bibliometric Analysis Agent complete ===
2026-04-14 11:51:05 [INFO] bibliometric_analysis: Summary: 300 records, h=250, 403 authors
2026-04-14 18:24:45 [INFO] bibliometric_analysis: === Bibliometric Analysis Agent starting ===
2026-04-14 18:24:45 [INFO] bibliometric_analysis: Loaded 150 records
2026-04-14 18:24:45 [INFO] bibliometric_analysis: Computing publication trends...
2026-04-14 18:24:45 [INFO] bibliometric_analysis: Computing citation statistics...
2026-04-14 18:24:45 [INFO] bibliometric_analysis: Computing author productivity...
2026-04-14 18:24:45 [INFO] bibliometric_analysis: Computing journal analysis...
2026-04-14 18:24:45 [INFO] bibliometric_analysis: Computing institution analysis...
2026-04-14 18:24:45 [INFO] bibliometric_analysis: Computing concept landscape...
2026-04-14 18:24:45 [INFO] bibliometric_analysis: === Bibliometric Analysis Agent complete ===
2026-04-14 18:24:45 [INFO] bibliometric_analysis: Summary: 150 records, h=39, 20 authors
2026-04-14 18:29:03 [INFO] bibliometric_analysis: === Bibliometric Analysis Agent starting ===
2026-04-14 18:29:03 [INFO] bibliometric_analysis: Loaded 150 records
2026-04-14 18:29:03 [INFO] bibliometric_analysis: Computing publication trends...
2026-04-14 18:29:03 [INFO] bibliometric_analysis: Computing citation statistics...
2026-04-14 18:29:03 [INFO] bibliometric_analysis: Computing author productivity...
2026-04-14 18:29:03 [INFO] bibliometric_analysis: Computing journal analysis...
2026-04-14 18:29:03 [INFO] bibliometric_analysis: Computing institution analysis...
2026-04-14 18:29:03 [INFO] bibliometric_analysis: Computing concept landscape...
2026-04-14 18:29:03 [INFO] bibliometric_analysis: === Bibliometric Analysis Agent complete ===
2026-04-14 18:29:03 [INFO] bibliometric_analysis: Summary: 150 records, h=39, 20 authors
2026-04-14 18:32:39 [INFO] bibliometric_analysis: === Bibliometric Analysis Agent starting ===
2026-04-14 18:32:39 [INFO] bibliometric_analysis: Loaded 200 records
2026-04-14 18:32:39 [INFO] bibliometric_analysis: Computing publication trends...
2026-04-14 18:32:39 [INFO] bibliometric_analysis: Computing citation statistics...
2026-04-14 18:32:39 [INFO] bibliometric_analysis: Computing author productivity...
2026-04-14 18:32:39 [INFO] bibliometric_analysis: Computing journal analysis...
2026-04-14 18:32:39 [INFO] bibliometric_analysis: Computing institution analysis...
2026-04-14 18:32:39 [INFO] bibliometric_analysis: Computing concept landscape...
2026-04-14 18:32:39 [INFO] bibliometric_analysis: === Bibliometric Analysis Agent complete ===
2026-04-14 18:32:39 [INFO] bibliometric_analysis: Summary: 200 records, h=44, 20 authors
2026-04-14 19:06:27 [INFO] bibliometric_analysis: === Bibliometric Analysis Agent starting ===
2026-04-14 19:06:27 [INFO] bibliometric_analysis: Loaded 9999 records
2026-04-14 19:06:27 [INFO] bibliometric_analysis: Computing publication trends...
2026-04-14 19:06:27 [INFO] bibliometric_analysis: Computing citation statistics...
2026-04-14 19:06:31 [INFO] bibliometric_analysis: Computing author productivity...
2026-04-14 19:06:31 [INFO] bibliometric_analysis: Computing journal analysis...
2026-04-14 19:06:31 [INFO] bibliometric_analysis: Computing institution analysis...
2026-04-14 19:06:31 [INFO] bibliometric_analysis: Computing concept landscape...
2026-04-14 19:06:32 [INFO] bibliometric_analysis: === Bibliometric Analysis Agent complete ===
2026-04-14 19:06:32 [INFO] bibliometric_analysis: Summary: 9999 records, h=254, 11302 authors
2026-04-17 00:29:58 [INFO] bibliometric_analysis: === Bibliometric Analysis Agent starting ===
2026-04-17 00:29:58 [INFO] bibliometric_analysis: Loaded 9999 records
2026-04-17 00:29:58 [INFO] bibliometric_analysis: Computing publication trends...
2026-04-17 00:29:58 [INFO] bibliometric_analysis: Computing citation statistics...
2026-04-17 00:30:02 [INFO] bibliometric_analysis: Computing author productivity...
2026-04-17 00:30:02 [INFO] bibliometric_analysis: Computing journal analysis...
2026-04-17 00:30:02 [INFO] bibliometric_analysis: Computing institution analysis...
2026-04-17 00:30:02 [INFO] bibliometric_analysis: Computing concept landscape...
2026-04-17 00:30:02 [INFO] bibliometric_analysis: === Bibliometric Analysis Agent complete ===
2026-04-17 00:30:02 [INFO] bibliometric_analysis: Summary: 9999 records, h=254, 11304 authors
