2026-04-12 16:34:35 [INFO] data_cleaning: === Data Cleaning Agent starting ===
2026-04-12 16:34:35 [INFO] data_cleaning: Loading raw data from: data/raw/openalex_raw_20260412_163426.parquet
2026-04-12 16:34:36 [INFO] data_cleaning: Loaded 150 records
2026-04-12 16:34:36 [INFO] data_cleaning: Dropped 0 records with null/short title or null ID
2026-04-12 16:34:36 [INFO] data_cleaning: Dropped 0 records with invalid year
2026-04-12 16:34:36 [INFO] data_cleaning: Removed 0 duplicates (by OpenAlex ID)
2026-04-12 16:34:36 [INFO] data_cleaning: Applying rule-based domain classification...
2026-04-12 16:34:36 [INFO] data_cleaning: Cleaning complete: 150 records (from 150)
2026-04-12 16:34:36 [INFO] data_cleaning: Saved clean data to: data/clean/openalex_clean.parquet
2026-04-12 16:34:36 [INFO] data_cleaning: === Data Cleaning Agent complete ===
2026-04-12 16:38:11 [INFO] data_cleaning: === Data Cleaning Agent starting ===
2026-04-12 16:38:11 [INFO] data_cleaning: Loading raw data from: data/raw/openalex_raw_20260412_163426.parquet
2026-04-12 16:38:11 [INFO] data_cleaning: Loaded 150 records
2026-04-12 16:38:11 [INFO] data_cleaning: Dropped 0 records with null/short title or null ID
2026-04-12 16:38:11 [INFO] data_cleaning: Dropped 0 records with invalid year
2026-04-12 16:38:11 [INFO] data_cleaning: Removed 0 duplicates (by OpenAlex ID)
2026-04-12 16:38:11 [INFO] data_cleaning: Applying rule-based domain classification...
2026-04-12 16:38:11 [INFO] data_cleaning: Cleaning complete: 150 records (from 150)
2026-04-12 16:38:12 [INFO] data_cleaning: Saved clean data to: data/clean/openalex_clean.parquet
2026-04-12 16:38:12 [INFO] data_cleaning: === Data Cleaning Agent complete ===
2026-04-12 16:40:40 [INFO] data_cleaning: === Data Cleaning Agent starting ===
2026-04-12 16:40:40 [INFO] data_cleaning: Loading raw data from: data/raw/openalex_raw_20260412_164037.parquet
2026-04-12 16:40:40 [INFO] data_cleaning: Loaded 150 records
2026-04-12 16:40:40 [INFO] data_cleaning: Dropped 0 records with null/short title or null ID
2026-04-12 16:40:40 [INFO] data_cleaning: Dropped 0 records with invalid year
2026-04-12 16:40:40 [INFO] data_cleaning: Removed 0 duplicates (by OpenAlex ID)
2026-04-12 16:40:40 [INFO] data_cleaning: Applying rule-based domain classification...
2026-04-12 16:40:40 [INFO] data_cleaning: Cleaning complete: 150 records (from 150)
2026-04-12 16:40:40 [INFO] data_cleaning: Saved clean data to: data/clean/openalex_clean.parquet
2026-04-12 16:40:40 [INFO] data_cleaning: === Data Cleaning Agent complete ===
2026-04-14 11:36:47 [INFO] data_cleaning: === Data Cleaning Agent starting ===
2026-04-14 11:36:47 [INFO] data_cleaning: Loading raw data from: data/raw/openalex_raw_20260414_093620.parquet
2026-04-14 11:36:47 [INFO] data_cleaning: Loaded 300 records
2026-04-14 11:36:47 [INFO] data_cleaning: Dropped 0 records with null/short title or null ID
2026-04-14 11:36:47 [INFO] data_cleaning: Dropped 0 records with invalid year
2026-04-14 11:36:47 [INFO] data_cleaning: Removed 0 duplicates (by OpenAlex ID)
2026-04-14 11:36:47 [INFO] data_cleaning: Applying rule-based domain classification...
2026-04-14 11:36:47 [INFO] data_cleaning: Cleaning complete: 300 records (from 300)
2026-04-14 11:36:47 [INFO] data_cleaning: Saved clean data to: data/clean/openalex_clean.parquet
2026-04-14 11:36:47 [INFO] data_cleaning: === Data Cleaning Agent complete ===
2026-04-14 18:24:36 [INFO] data_cleaning: === Data Cleaning Agent starting ===
2026-04-14 18:24:36 [INFO] data_cleaning: Loading raw data from: data/raw/openalex_raw_20260414_162428.parquet
2026-04-14 18:24:36 [INFO] data_cleaning: Loaded 150 records
2026-04-14 18:24:36 [INFO] data_cleaning: Dropped 0 records with null/short title or null ID
2026-04-14 18:24:36 [INFO] data_cleaning: Dropped 0 records with invalid year
2026-04-14 18:24:36 [INFO] data_cleaning: Removed 0 duplicates (by OpenAlex ID)
2026-04-14 18:24:36 [INFO] data_cleaning: Applying rule-based domain classification...
2026-04-14 18:24:36 [INFO] data_cleaning: Cleaning complete: 150 records (from 150)
2026-04-14 18:24:36 [INFO] data_cleaning: Saved clean data to: data/clean/openalex_clean.parquet
2026-04-14 18:24:36 [INFO] data_cleaning: === Data Cleaning Agent complete ===
2026-04-14 18:28:56 [INFO] data_cleaning: === Data Cleaning Agent starting ===
2026-04-14 18:28:56 [INFO] data_cleaning: Loading raw data from: data/raw/openalex_raw_20260414_162856.parquet
2026-04-14 18:28:56 [INFO] data_cleaning: Loaded 150 records
2026-04-14 18:28:56 [INFO] data_cleaning: Dropped 0 records with null/short title or null ID
2026-04-14 18:28:56 [INFO] data_cleaning: Dropped 0 records with invalid year
2026-04-14 18:28:56 [INFO] data_cleaning: Removed 0 duplicates (by OpenAlex ID)
2026-04-14 18:28:56 [INFO] data_cleaning: Applying rule-based domain classification...
2026-04-14 18:28:56 [INFO] data_cleaning: Cleaning complete: 150 records (from 150)
2026-04-14 18:28:56 [INFO] data_cleaning: Saved clean data to: data/clean/openalex_clean.parquet
2026-04-14 18:28:56 [INFO] data_cleaning: === Data Cleaning Agent complete ===
2026-04-14 18:32:38 [INFO] data_cleaning: === Data Cleaning Agent starting ===
2026-04-14 18:32:38 [INFO] data_cleaning: Loading raw data from: data/raw/openalex_raw_20260414_163233.parquet
2026-04-14 18:32:38 [INFO] data_cleaning: Loaded 200 records
2026-04-14 18:32:38 [INFO] data_cleaning: Dropped 0 records with null/short title or null ID
2026-04-14 18:32:38 [INFO] data_cleaning: Dropped 0 records with invalid year
2026-04-14 18:32:38 [INFO] data_cleaning: Removed 0 duplicates (by OpenAlex ID)
2026-04-14 18:32:38 [INFO] data_cleaning: Applying rule-based domain classification...
2026-04-14 18:32:38 [INFO] data_cleaning: Cleaning complete: 200 records (from 200)
2026-04-14 18:32:38 [INFO] data_cleaning: Saved clean data to: data/clean/openalex_clean.parquet
2026-04-14 18:32:38 [INFO] data_cleaning: === Data Cleaning Agent complete ===
2026-04-14 19:06:26 [INFO] data_cleaning: === Data Cleaning Agent starting ===
2026-04-14 19:06:26 [INFO] data_cleaning: Loading raw data from: data/raw/openalex_raw_20260414_170625.parquet
2026-04-14 19:06:26 [INFO] data_cleaning: Loaded 10000 records
2026-04-14 19:06:26 [INFO] data_cleaning: Dropped 1 records with null/short title or null ID
2026-04-14 19:06:26 [INFO] data_cleaning: Dropped 0 records with invalid year
2026-04-14 19:06:26 [INFO] data_cleaning: Removed 0 duplicates (by OpenAlex ID)
2026-04-14 19:06:26 [INFO] data_cleaning: Applying rule-based domain classification...
2026-04-14 19:06:26 [INFO] data_cleaning: Cleaning complete: 9999 records (from 10000)
2026-04-14 19:06:26 [INFO] data_cleaning: Saved clean data to: data/clean/openalex_clean.parquet
2026-04-14 19:06:26 [INFO] data_cleaning: === Data Cleaning Agent complete ===
