2026-04-12 16:41:06 [INFO] visualization: === Visualization Agent starting ===
2026-04-12 16:41:07 [INFO] visualization: Generated: publication_trends.png
2026-04-12 16:41:08 [INFO] visualization: Generated: citation_distribution.png
2026-04-12 16:41:08 [INFO] visualization: Generated: top_authors.png
2026-04-12 16:41:09 [INFO] visualization: Generated: domain_distribution.png
2026-04-12 16:41:09 [INFO] visualization: Generated: concept_landscape.png
2026-04-12 16:41:10 [INFO] visualization: Generated: cross_domain_heatmap.png
2026-04-12 16:41:10 [INFO] visualization: Generated: HTML report
2026-04-12 16:41:10 [INFO] visualization: === Visualization Agent complete ===
2026-04-12 19:49:06 [INFO] visualization: === Visualization Agent starting ===
2026-04-12 19:49:07 [INFO] visualization: Generated: publication_trends.png
2026-04-12 19:49:07 [INFO] visualization: Generated: citation_distribution.png
2026-04-12 19:49:08 [INFO] visualization: Generated: top_authors.png
2026-04-12 19:49:09 [INFO] visualization: Generated: domain_distribution.png
2026-04-12 19:49:10 [INFO] visualization: Generated: concept_landscape.png
2026-04-12 19:49:10 [INFO] visualization: Generated: cross_domain_heatmap.png
2026-04-12 19:49:10 [INFO] visualization: Generated: HTML report
2026-04-12 19:49:10 [INFO] visualization: === Visualization Agent complete ===
2026-04-12 21:05:20 [INFO] visualization: === Visualization Agent starting ===
2026-04-12 21:05:21 [INFO] visualization: Generated: publication_trends.png
2026-04-12 21:05:21 [INFO] visualization: Generated: citation_distribution.png
2026-04-12 21:05:22 [INFO] visualization: Generated: top_authors.png
2026-04-12 21:05:23 [INFO] visualization: Generated: domain_distribution.png
2026-04-12 21:05:23 [INFO] visualization: Generated: concept_landscape.png
2026-04-12 21:05:23 [INFO] visualization: Generated: cross_domain_heatmap.png
2026-04-12 21:05:23 [INFO] visualization: Generated: HTML report
2026-04-12 21:05:23 [INFO] visualization: === Visualization Agent complete ===
